<?xml version="1.0" encoding="UTF-8"?>
<!-- Generated by org.testng.reporters.JUnitXMLReporter -->
<testsuite ignored="1" hostname="Mamta_Gupta" failures="0" tests="1" name="Default test" time="9.054" errors="0" timestamp="2025-02-17T01:19:57 GMT-05:00">
  <testcase classname="com.luma.pagetests.BaseTest" name="@BeforeMethod setUp" time="9.018">
    <skipped/>
  </testcase> <!-- @BeforeMethod setUp -->
  <testcase classname="com.luma.pagetests.BaseTest" name="@AfterMethod end" time="0.0">
    <skipped/>
  </testcase> <!-- @AfterMethod end -->
  <testcase classname="com.luma.pagetests.CustomerLoginTest" name="verifySuccessfullLogin2" time="0.0">
    <skipped/>
  </testcase> <!-- verifySuccessfullLogin2 -->
  <testcase classname="com.luma.pagetests.CustomerLoginTest" name="verifySuccessfullLogin" time="0.0">
    <ignored/>
  </testcase> <!-- verifySuccessfullLogin -->
</testsuite> <!-- Default test -->
