<?xml version="1.0" encoding="UTF-8"?>
<!-- Generated by org.testng.reporters.JUnitXMLReporter -->
<testsuite ignored="2" hostname="Mamta_Gupta" failures="2" tests="3" name="Test" time="7.857" errors="0" timestamp="2025-02-17T02:32:04 GMT-05:00">
  <testcase classname="com.luma.pagetests.BaseTest" name="@BeforeMethod setUp" time="0.429">
    <skipped/>
  </testcase> <!-- @BeforeMethod setUp -->
  <testcase classname="com.luma.pagetests.CustomerLoginTest" name="verifySuccessfullLogin2" time="0.0">
    <skipped/>
  </testcase> <!-- verifySuccessfullLogin2 -->
  <testcase classname="com.luma.pagetests.CustomerLoginTest" name="verifySuccessfullLogin" time="2.156">
    <failure type="java.lang.AssertionError" message="expected [Home Page] but found [Customer Login]">
      <![CDATA[java.lang.AssertionError: expected [Home Page] but found [Customer Login]
at com.luma.pagetests.CustomerLoginTest.verifySuccessfullLogin(CustomerLoginTest.java:30)
at java.base/java.util.concurrent.Executors$RunnableAdapter.call(Executors.java:539)
at java.base/java.util.concurrent.FutureTask.run(FutureTask.java:264)
at java.base/java.util.concurrent.ThreadPoolExecutor.runWorker(ThreadPoolExecutor.java:1136)
at java.base/java.util.concurrent.ThreadPoolExecutor$Worker.run(ThreadPoolExecutor.java:635)
at java.base/java.lang.Thread.run(Thread.java:833)
... Removed 19 stack frames]]>
    </failure>
  </testcase> <!-- verifySuccessfullLogin -->
  <testcase classname="com.luma.pagetests.CreateNewCustomerAccountTest" name="verifySuccessfullLogin3" time="2.112">
    <failure type="java.lang.AssertionError" message="expected [Home Page] but found [Customer Login]">
      <![CDATA[java.lang.AssertionError: expected [Home Page] but found [Customer Login]
at com.luma.pagetests.CreateNewCustomerAccountTest.verifySuccessfullLogin3(CreateNewCustomerAccountTest.java:30)
at java.base/java.util.concurrent.Executors$RunnableAdapter.call(Executors.java:539)
at java.base/java.util.concurrent.FutureTask.run(FutureTask.java:264)
at java.base/java.util.concurrent.ThreadPoolExecutor.runWorker(ThreadPoolExecutor.java:1136)
at java.base/java.util.concurrent.ThreadPoolExecutor$Worker.run(ThreadPoolExecutor.java:635)
at java.base/java.lang.Thread.run(Thread.java:833)
... Removed 19 stack frames]]>
    </failure>
  </testcase> <!-- verifySuccessfullLogin3 -->
  <testcase classname="com.luma.pagetests.BaseTest" name="@AfterSuite tearDown" time="0.0">
    <ignored/>
  </testcase> <!-- @AfterSuite tearDown -->
  <testcase classname="com.luma.pagetests.BaseTest" name="@BeforeSuite init" time="0.0">
    <ignored/>
  </testcase> <!-- @BeforeSuite init -->
</testsuite> <!-- Test -->
